<?xml version="1.0" encoding="UTF-8"?>
<!-- Generated by org.testng.reporters.JUnitReportReporter -->
<testsuite hostname="DESKTOP-BDTKVT4" failures="0" tests="2" name="com.LearnAutomation.testcases.LoginTestCRM" time="9.379" errors="0" timestamp="2021-03-04T20:53:38 IST" skipped="0">
  <testcase classname="com.LearnAutomation.testcases.LoginTestCRM" name="loginApp1" time="3.180"/>
  <system-out/>
  <testcase classname="com.LearnAutomation.testcases.LoginTestCRM" name="loginApp" time="6.199"/>
  <system-out/>
</testsuite> <!-- com.LearnAutomation.testcases.LoginTestCRM -->
